#
# A fatal error has been detected by the Java Runtime Environment:
#
#  Internal Error (t:/workspace/open/src/hotspot/share/oops/generateOopMap.cpp:2162), pid=10036, tid=10316
#  fatal error: Illegal class file encountered. Try running with -Xverify:all in method main
#
# JRE version: Java(TM) SE Runtime Environment (10.0.2+13) (build 10.0.2+13)
# Java VM: Java HotSpot(TM) 64-Bit Server VM (10.0.2+13, mixed mode, tiered, compressed oops, g1 gc, windows-amd64)
# No core dump will be written. Minidumps are not enabled by default on client versions of Windows
#
# If you would like to submit a bug report, please visit:
#   http://bugreport.java.com/bugreport/crash.jsp
#

---------------  S U M M A R Y ------------

Command Line: -agentlib:jdwp=transport=dt_socket,suspend=y,address=localhost:51517 -javaagent:C:\Users\Christopher\Desktop\Developer Tools\java-photon\eclipse\configuration\org.eclipse.osgi\237\0\.cp\lib\javaagent-shaded.jar -Dfile.encoding=Cp1252 a6.ReviewAnalysis

Host: AMD Ryzen 7 2700X Eight-Core Processor         , 16 cores, 15G,  Windows 10 , 64 bit Build 17134 (10.0.17134.556)
Time: Mon Mar 04 00:01:48 2019 Mountain Standard Time elapsed time: 4384 seconds (0d 1h 13m 4s)

---------------  T H R E A D  ---------------

Current thread (0x000001d37fac4800):  VMThread "VM Thread" [stack: 0x0000004801c00000,0x0000004801d00000] [id=10316]

Stack: [0x0000004801c00000,0x0000004801d00000]
[error occurred during error reporting (printing stack bounds), id 0xe0000000]

Native frames: (J=compiled Java code, j=interpreted, Vv=VM code, C=native code)
V  [jvm.dll+0x5a01a9]
V  [jvm.dll+0x6bcf31]
V  [jvm.dll+0x6be126]
V  [jvm.dll+0x6be715]
V  [jvm.dll+0x6be6cb]
V  [jvm.dll+0x59f993]
V  [jvm.dll+0x59fda8]
C  [ntdll.dll+0x9f7dd]
C  [ntdll.dll+0xd856]
C  [ntdll.dll+0x9e70e]
C  0x000001d3630e0ead

VM_Operation (0x0000004802eff640): GetOrSetLocal, mode: safepoint, requested by thread 0x000001d300281000


---------------  P R O C E S S  ---------------

Threads class SMR info:
_java_thread_list=0x000001d3001b7210, length=23, elements={
0x000001d357d52800, 0x000001d37fac9800, 0x000001d37fad2000, 0x000001d37fb21800,
0x000001d37fb22000, 0x000001d37fb33000, 0x000001d37fb35800, 0x000001d37fb3b000,
0x000001d37fb4c800, 0x000001d37fb5c000, 0x000001d37fb57800, 0x000001d37fb56000,
0x000001d37fb5c800, 0x000001d37fb59800, 0x000001d37fb5a000, 0x000001d37fb5b000,
0x000001d37fb57000, 0x000001d37fc27800, 0x000001d300281000, 0x000001d3002ad000,
0x000001d3001cc000, 0x000001d30033e800, 0x000001d300332800
}

Java Threads: ( => current thread )
  0x000001d357d52800 JavaThread "main" [_thread_blocked, id=16764, stack(0x000000487fc00000,0x000000487fd00000)]
  0x000001d37fac9800 JavaThread "Reference Handler" daemon [_thread_blocked, id=16972, stack(0x0000004801d00000,0x0000004801e00000)]
  0x000001d37fad2000 JavaThread "Finalizer" daemon [_thread_blocked, id=15556, stack(0x0000004801e00000,0x0000004801f00000)]
  0x000001d37fb21800 JavaThread "Signal Dispatcher" daemon [_thread_blocked, id=11496, stack(0x0000004801f00000,0x0000004802000000)]
  0x000001d37fb22000 JavaThread "Attach Listener" daemon [_thread_blocked, id=5232, stack(0x0000004802000000,0x0000004802100000)]
  0x000001d37fb33000 JavaThread "C2 CompilerThread0" daemon [_thread_blocked, id=16656, stack(0x0000004802100000,0x0000004802200000)]
  0x000001d37fb35800 JavaThread "C2 CompilerThread1" daemon [_thread_blocked, id=14656, stack(0x0000004802200000,0x0000004802300000)]
  0x000001d37fb3b000 JavaThread "C2 CompilerThread2" daemon [_thread_blocked, id=6660, stack(0x0000004802300000,0x0000004802400000)]
  0x000001d37fb4c800 JavaThread "C2 CompilerThread3" daemon [_thread_blocked, id=17120, stack(0x0000004802400000,0x0000004802500000)]
  0x000001d37fb5c000 JavaThread "C2 CompilerThread4" daemon [_thread_blocked, id=4656, stack(0x0000004802500000,0x0000004802600000)]
  0x000001d37fb57800 JavaThread "C2 CompilerThread5" daemon [_thread_blocked, id=16992, stack(0x0000004802600000,0x0000004802700000)]
  0x000001d37fb56000 JavaThread "C2 CompilerThread6" daemon [_thread_blocked, id=11748, stack(0x0000004802700000,0x0000004802800000)]
  0x000001d37fb5c800 JavaThread "C2 CompilerThread7" daemon [_thread_blocked, id=16576, stack(0x0000004802800000,0x0000004802900000)]
  0x000001d37fb59800 JavaThread "C1 CompilerThread8" daemon [_thread_blocked, id=14584, stack(0x0000004802900000,0x0000004802a00000)]
  0x000001d37fb5a000 JavaThread "C1 CompilerThread9" daemon [_thread_blocked, id=10288, stack(0x0000004802a00000,0x0000004802b00000)]
  0x000001d37fb5b000 JavaThread "C1 CompilerThread10" daemon [_thread_blocked, id=16568, stack(0x0000004802b00000,0x0000004802c00000)]
  0x000001d37fb57000 JavaThread "C1 CompilerThread11" daemon [_thread_blocked, id=13820, stack(0x0000004802c00000,0x0000004802d00000)]
  0x000001d37fc27800 JavaThread "Sweeper thread" daemon [_thread_blocked, id=15084, stack(0x0000004802d00000,0x0000004802e00000)]
  0x000001d300281000 JavaThread "JDWP Transport Listener: dt_socket" daemon [_thread_blocked, id=10800, stack(0x0000004802e00000,0x0000004802f00000)] _threads_hazard_ptr=0x000001d3001b7210
  0x000001d3002ad000 JavaThread "JDWP Event Helper Thread" daemon [_thread_blocked, id=8756, stack(0x0000004802f00000,0x0000004803000000)]
  0x000001d3001cc000 JavaThread "JDWP Command Reader" daemon [_thread_in_native, id=2028, stack(0x0000004803000000,0x0000004803100000)]
  0x000001d30033e800 JavaThread "Common-Cleaner" daemon [_thread_blocked, id=13208, stack(0x0000004803100000,0x0000004803200000)]
  0x000001d300332800 JavaThread "Service Thread" daemon [_thread_blocked, id=8092, stack(0x0000004803200000,0x0000004803300000)]

Other Threads:
=>0x000001d37fac4800 VMThread "VM Thread" [stack: 0x0000004801c00000,0x0000004801d00000] [id=10316]
  0x000001d3003ed800 WatcherThread [stack: 0x0000004803300000,0x0000004803400000] [id=14512]
  0x000001d357d6e000 GCTaskThread "GC Thread#0" [stack: 0x000000487fd00000,0x000000487fe00000] [id=9872]
  0x000001d357d6f800 GCTaskThread "GC Thread#1" [stack: 0x000000487fe00000,0x000000487ff00000] [id=1200]
  0x000001d357d73000 GCTaskThread "GC Thread#2" [stack: 0x000000487ff00000,0x0000004880000000] [id=11236]
  0x000001d357d7b000 GCTaskThread "GC Thread#3" [stack: 0x0000004800000000,0x0000004800100000] [id=8800]
  0x000001d357d7e800 GCTaskThread "GC Thread#4" [stack: 0x0000004800100000,0x0000004800200000] [id=16572]
  0x000001d357d81000 GCTaskThread "GC Thread#5" [stack: 0x0000004800200000,0x0000004800300000] [id=11940]
  0x000001d357d85000 GCTaskThread "GC Thread#6" [stack: 0x0000004800300000,0x0000004800400000] [id=13168]
  0x000001d357d86800 GCTaskThread "GC Thread#7" [stack: 0x0000004800400000,0x0000004800500000] [id=12636]
  0x000001d357d90000 GCTaskThread "GC Thread#8" [stack: 0x0000004800500000,0x0000004800600000] [id=13852]
  0x000001d357d93000 GCTaskThread "GC Thread#9" [stack: 0x0000004800600000,0x0000004800700000] [id=11596]
  0x000001d357d94800 GCTaskThread "GC Thread#10" [stack: 0x0000004800700000,0x0000004800800000] [id=2088]
  0x000001d357d98800 GCTaskThread "GC Thread#11" [stack: 0x0000004800800000,0x0000004800900000] [id=17116]
  0x000001d357d9a000 GCTaskThread "GC Thread#12" [stack: 0x0000004800900000,0x0000004800a00000] [id=16920]
  0x000001d357de6000 ConcurrentGCThread "G1 Main Marker" [stack: 0x0000004800a00000,0x0000004800b00000] [id=16068]
  0x000001d357de6800 ConcurrentGCThread "G1 Conc#0" [stack: 0x0000004800b00000,0x0000004800c00000] [id=12672]
  0x000001d357def800 ConcurrentGCThread "G1 Conc#1" [stack: 0x0000004800c00000,0x0000004800d00000] [id=6268]
  0x000001d357df2800 ConcurrentGCThread "G1 Conc#2" [stack: 0x0000004800d00000,0x0000004800e00000] [id=10052]
  0x000001d37c24a800 ConcurrentGCThread "G1 Refine#0" [stack: 0x0000004800e00000,0x0000004800f00000] [id=12780]
  0x000001d37c24c800 ConcurrentGCThread "G1 Refine#1" [stack: 0x0000004800f00000,0x0000004801000000] [id=15908]
  0x000001d37c24d000 ConcurrentGCThread "G1 Refine#2" [stack: 0x0000004801000000,0x0000004801100000] [id=14420]
  0x000001d37c24f800 ConcurrentGCThread "G1 Refine#3" [stack: 0x0000004801100000,0x0000004801200000] [id=4524]
  0x000001d37c250800 ConcurrentGCThread "G1 Refine#4" [stack: 0x0000004801200000,0x0000004801300000] [id=10084]
  0x000001d37c259000 ConcurrentGCThread "G1 Refine#5" [stack: 0x0000004801300000,0x0000004801400000] [id=15656]
  0x000001d37c266000 ConcurrentGCThread "G1 Refine#6" [stack: 0x0000004801400000,0x0000004801500000] [id=7692]
  0x000001d37c263000 ConcurrentGCThread "G1 Refine#7" [stack: 0x0000004801500000,0x0000004801600000] [id=17376]
  0x000001d37c266800 ConcurrentGCThread "G1 Refine#8" [stack: 0x0000004801600000,0x0000004801700000] [id=8404]
  0x000001d37c267800 ConcurrentGCThread "G1 Refine#9" [stack: 0x0000004801700000,0x0000004801800000] [id=10300]
  0x000001d37c263800 ConcurrentGCThread "G1 Refine#10" [stack: 0x0000004801800000,0x0000004801900000] [id=15668]
  0x000001d37c264000 ConcurrentGCThread "G1 Refine#11" [stack: 0x0000004801900000,0x0000004801a00000] [id=776]
  0x000001d37c268000 ConcurrentGCThread "G1 Refine#12" [stack: 0x0000004801a00000,0x0000004801b00000] [id=8004]
  0x000001d37c27d000 ConcurrentGCThread "G1 Young RemSet Sampling" [stack: 0x0000004801b00000,0x0000004801c00000] [id=15120]

Threads with active compile tasks:

VM state:at safepoint (normal execution)

VM Mutex/Monitor currently owned by a thread:  ([mutex/lock_event])
[0x000001d357d50fc0] Threads_lock - owner thread: 0x000001d37fac4800

Heap address: 0x00000006c0c00000, size: 4084 MB, Compressed Oops mode: Zero based, Oop shift amount: 3
Narrow klass base: 0x0000000000000000, Narrow klass shift: 3
Compressed class space size: 1073741824 Address: 0x00000007c0000000

Heap:
 garbage-first heap   total 262144K, used 139649K [0x00000006c0c00000, 0x00000007c0000000)
  region size 1024K, 138 young (141312K), 5 survivors (5120K)
 Metaspace       used 10086K, capacity 10221K, committed 10368K, reserved 1058816K
  class space    used 789K, capacity 846K, committed 896K, reserved 1048576K
Heap Regions: E=young(eden), S=young(survivor), O=old, HS=humongous(starts), HC=humongous(continues), CS=collection set, F=free, A=archive, TS=gc time stamp, AC=allocation context, TAMS=top-at-mark-start (previous, next)
|   0|0x00000006c0c00000, 0x00000006c0c00000, 0x00000006c0d00000|  0%| F|  |TS  0|AC  0|TAMS 0x00000006c0c00000, 0x00000006c0c00000|
|   1|0x00000006c0d00000, 0x00000006c0d00000, 0x00000006c0e00000|  0%| F|  |TS  0|AC  0|TAMS 0x00000006c0d00000, 0x00000006c0d00000|
|   2|0x00000006c0e00000, 0x00000006c0e00000, 0x00000006c0f00000|  0%| F|  |TS  0|AC  0|TAMS 0x00000006c0e00000, 0x00000006c0e00000|
|   3|0x00000006c0f00000, 0x00000006c0f00000, 0x00000006c1000000|  0%| F|  |TS  0|AC  0|TAMS 0x00000006c0f00000, 0x00000006c0f00000|
|   4|0x00000006c1000000, 0x00000006c1000000, 0x00000006c1100000|  0%| F|  |TS  0|AC  0|TAMS 0x00000006c1000000, 0x00000006c1000000|
|   5|0x00000006c1100000, 0x00000006c1100000, 0x00000006c1200000|  0%| F|  |TS  0|AC  0|TAMS 0x00000006c1100000, 0x00000006c1100000|
|   6|0x00000006c1200000, 0x00000006c1200000, 0x00000006c1300000|  0%| F|  |TS  0|AC  0|TAMS 0x00000006c1200000, 0x00000006c1200000|
|   7|0x00000006c1300000, 0x00000006c1300000, 0x00000006c1400000|  0%| F|  |TS  0|AC  0|TAMS 0x00000006c1300000, 0x00000006c1300000|
|   8|0x00000006c1400000, 0x00000006c1400000, 0x00000006c1500000|  0%| F|  |TS  0|AC  0|TAMS 0x00000006c1400000, 0x00000006c1400000|
|   9|0x00000006c1500000, 0x00000006c1500000, 0x00000006c1600000|  0%| F|  |TS  0|AC  0|TAMS 0x00000006c1500000, 0x00000006c1500000|
|  10|0x00000006c1600000, 0x00000006c1600000, 0x00000006c1700000|  0%| F|  |TS  0|AC  0|TAMS 0x00000006c1600000, 0x00000006c1600000|
|  11|0x00000006c1700000, 0x00000006c1700000, 0x00000006c1800000|  0%| F|  |TS  0|AC  0|TAMS 0x00000006c1700000, 0x00000006c1700000|
|  12|0x00000006c1800000, 0x00000006c1800000, 0x00000006c1900000|  0%| F|  |TS  0|AC  0|TAMS 0x00000006c1800000, 0x00000006c1800000|
|  13|0x00000006c1900000, 0x00000006c1900000, 0x00000006c1a00000|  0%| F|  |TS  0|AC  0|TAMS 0x00000006c1900000, 0x00000006c1900000|
|  14|0x00000006c1a00000, 0x00000006c1a00000, 0x00000006c1b00000|  0%| F|  |TS  0|AC  0|TAMS 0x00000006c1a00000, 0x00000006c1a00000|
|  15|0x00000006c1b00000, 0x00000006c1b00000, 0x00000006c1c00000|  0%| F|  |TS  0|AC  0|TAMS 0x00000006c1b00000, 0x00000006c1b00000|
|  16|0x00000006c1c00000, 0x00000006c1c00000, 0x00000006c1d00000|  0%| F|  |TS  0|AC  0|TAMS 0x00000006c1c00000, 0x00000006c1c00000|
|  17|0x00000006c1d00000, 0x00000006c1d00000, 0x00000006c1e00000|  0%| F|  |TS  0|AC  0|TAMS 0x00000006c1d00000, 0x00000006c1d00000|
|  18|0x00000006c1e00000, 0x00000006c1e00000, 0x00000006c1f00000|  0%| F|  |TS  0|AC  0|TAMS 0x00000006c1e00000, 0x00000006c1e00000|
|  19|0x00000006c1f00000, 0x00000006c1f00000, 0x00000006c2000000|  0%| F|  |TS  0|AC  0|TAMS 0x00000006c1f00000, 0x00000006c1f00000|
|  20|0x00000006c2000000, 0x00000006c2000000, 0x00000006c2100000|  0%| F|  |TS  0|AC  0|TAMS 0x00000006c2000000, 0x00000006c2000000|
|  21|0x00000006c2100000, 0x00000006c2100000, 0x00000006c2200000|  0%| F|  |TS  0|AC  0|TAMS 0x00000006c2100000, 0x00000006c2100000|
|  22|0x00000006c2200000, 0x00000006c2200000, 0x00000006c2300000|  0%| F|  |TS  0|AC  0|TAMS 0x00000006c2200000, 0x00000006c2200000|
|  23|0x00000006c2300000, 0x00000006c2300000, 0x00000006c2400000|  0%| F|  |TS  0|AC  0|TAMS 0x00000006c2300000, 0x00000006c2300000|
|  24|0x00000006c2400000, 0x00000006c2400000, 0x00000006c2500000|  0%| F|  |TS  0|AC  0|TAMS 0x00000006c2400000, 0x00000006c2400000|
|  25|0x00000006c2500000, 0x00000006c2500000, 0x00000006c2600000|  0%| F|  |TS  0|AC  0|TAMS 0x00000006c2500000, 0x00000006c2500000|
|  26|0x00000006c2600000, 0x00000006c2600000, 0x00000006c2700000|  0%| F|  |TS  0|AC  0|TAMS 0x00000006c2600000, 0x00000006c2600000|
|  27|0x00000006c2700000, 0x00000006c2700000, 0x00000006c2800000|  0%| F|  |TS  0|AC  0|TAMS 0x00000006c2700000, 0x00000006c2700000|
|  28|0x00000006c2800000, 0x00000006c2800000, 0x00000006c2900000|  0%| F|  |TS  0|AC  0|TAMS 0x00000006c2800000, 0x00000006c2800000|
|  29|0x00000006c2900000, 0x00000006c2900000, 0x00000006c2a00000|  0%| F|  |TS  0|AC  0|TAMS 0x00000006c2900000, 0x00000006c2900000|
|  30|0x00000006c2a00000, 0x00000006c2a00000, 0x00000006c2b00000|  0%| F|  |TS  0|AC  0|TAMS 0x00000006c2a00000, 0x00000006c2a00000|
|  31|0x00000006c2b00000, 0x00000006c2b00000, 0x00000006c2c00000|  0%| F|  |TS  0|AC  0|TAMS 0x00000006c2b00000, 0x00000006c2b00000|
|  32|0x00000006c2c00000, 0x00000006c2c00000, 0x00000006c2d00000|  0%| F|  |TS  0|AC  0|TAMS 0x00000006c2c00000, 0x00000006c2c00000|
|  33|0x00000006c2d00000, 0x00000006c2d00000, 0x00000006c2e00000|  0%| F|  |TS  0|AC  0|TAMS 0x00000006c2d00000, 0x00000006c2d00000|
|  34|0x00000006c2e00000, 0x00000006c2e00000, 0x00000006c2f00000|  0%| F|  |TS  0|AC  0|TAMS 0x00000006c2e00000, 0x00000006c2e00000|
|  35|0x00000006c2f00000, 0x00000006c2f00000, 0x00000006c3000000|  0%| F|  |TS  0|AC  0|TAMS 0x00000006c2f00000, 0x00000006c2f00000|
|  36|0x00000006c3000000, 0x00000006c3000000, 0x00000006c3100000|  0%| F|  |TS  0|AC  0|TAMS 0x00000006c3000000, 0x00000006c3000000|
|  37|0x00000006c3100000, 0x00000006c3100000, 0x00000006c3200000|  0%| F|  |TS  0|AC  0|TAMS 0x00000006c3100000, 0x00000006c3100000|
|  38|0x00000006c3200000, 0x00000006c3200000, 0x00000006c3300000|  0%| F|  |TS  0|AC  0|TAMS 0x00000006c3200000, 0x00000006c3200000|
|  39|0x00000006c3300000, 0x00000006c3300000, 0x00000006c3400000|  0%| F|  |TS  0|AC  0|TAMS 0x00000006c3300000, 0x00000006c3300000|
|  40|0x00000006c3400000, 0x00000006c3400000, 0x00000006c3500000|  0%| F|  |TS  0|AC  0|TAMS 0x00000006c3400000, 0x00000006c3400000|
|  41|0x00000006c3500000, 0x00000006c3500000, 0x00000006c3600000|  0%| F|  |TS  0|AC  0|TAMS 0x00000006c3500000, 0x00000006c3500000|
|  42|0x00000006c3600000, 0x00000006c3600000, 0x00000006c3700000|  0%| F|  |TS  0|AC  0|TAMS 0x00000006c3600000, 0x00000006c3600000|
|  43|0x00000006c3700000, 0x00000006c3700000, 0x00000006c3800000|  0%| F|  |TS  0|AC  0|TAMS 0x00000006c3700000, 0x00000006c3700000|
|  44|0x00000006c3800000, 0x00000006c3800000, 0x00000006c3900000|  0%| F|  |TS  0|AC  0|TAMS 0x00000006c3800000, 0x00000006c3800000|
|  45|0x00000006c3900000, 0x00000006c3900000, 0x00000006c3a00000|  0%| F|  |TS  0|AC  0|TAMS 0x00000006c3900000, 0x00000006c3900000|
|  46|0x00000006c3a00000, 0x00000006c3a00000, 0x00000006c3b00000|  0%| F|  |TS  0|AC  0|TAMS 0x00000006c3a00000, 0x00000006c3a00000|
|  47|0x00000006c3b00000, 0x00000006c3b00000, 0x00000006c3c00000|  0%| F|  |TS  0|AC  0|TAMS 0x00000006c3b00000, 0x00000006c3b00000|
|  48|0x00000006c3c00000, 0x00000006c3c00000, 0x00000006c3d00000|  0%| F|  |TS  0|AC  0|TAMS 0x00000006c3c00000, 0x00000006c3c00000|
|  49|0x00000006c3d00000, 0x00000006c3d00000, 0x00000006c3e00000|  0%| F|  |TS  0|AC  0|TAMS 0x00000006c3d00000, 0x00000006c3d00000|
|  50|0x00000006c3e00000, 0x00000006c3e00000, 0x00000006c3f00000|  0%| F|  |TS  0|AC  0|TAMS 0x00000006c3e00000, 0x00000006c3e00000|
|  51|0x00000006c3f00000, 0x00000006c3f00000, 0x00000006c4000000|  0%| F|  |TS  0|AC  0|TAMS 0x00000006c3f00000, 0x00000006c3f00000|
|  52|0x00000006c4000000, 0x00000006c4000000, 0x00000006c4100000|  0%| F|  |TS  0|AC  0|TAMS 0x00000006c4000000, 0x00000006c4000000|
|  53|0x00000006c4100000, 0x00000006c4100000, 0x00000006c4200000|  0%| F|  |TS  0|AC  0|TAMS 0x00000006c4100000, 0x00000006c4100000|
|  54|0x00000006c4200000, 0x00000006c4200000, 0x00000006c4300000|  0%| F|  |TS  0|AC  0|TAMS 0x00000006c4200000, 0x00000006c4200000|
|  55|0x00000006c4300000, 0x00000006c4300000, 0x00000006c4400000|  0%| F|  |TS  0|AC  0|TAMS 0x00000006c4300000, 0x00000006c4300000|
|  56|0x00000006c4400000, 0x00000006c4400000, 0x00000006c4500000|  0%| F|  |TS  0|AC  0|TAMS 0x00000006c4400000, 0x00000006c4400000|
|  57|0x00000006c4500000, 0x00000006c4500000, 0x00000006c4600000|  0%| F|  |TS  0|AC  0|TAMS 0x00000006c4500000, 0x00000006c4500000|
|  58|0x00000006c4600000, 0x00000006c4600000, 0x00000006c4700000|  0%| F|  |TS  0|AC  0|TAMS 0x00000006c4600000, 0x00000006c4600000|
|  59|0x00000006c4700000, 0x00000006c4700000, 0x00000006c4800000|  0%| F|  |TS  0|AC  0|TAMS 0x00000006c4700000, 0x00000006c4700000|
|  60|0x00000006c4800000, 0x00000006c4800000, 0x00000006c4900000|  0%| F|  |TS  0|AC  0|TAMS 0x00000006c4800000, 0x00000006c4800000|
|  61|0x00000006c4900000, 0x00000006c4900000, 0x00000006c4a00000|  0%| F|  |TS  0|AC  0|TAMS 0x00000006c4900000, 0x00000006c4900000|
|  62|0x00000006c4a00000, 0x00000006c4a00000, 0x00000006c4b00000|  0%| F|  |TS  0|AC  0|TAMS 0x00000006c4a00000, 0x00000006c4a00000|
|  63|0x00000006c4b00000, 0x00000006c4b00000, 0x00000006c4c00000|  0%| F|  |TS  0|AC  0|TAMS 0x00000006c4b00000, 0x00000006c4b00000|
|  64|0x00000006c4c00000, 0x00000006c4c00000, 0x00000006c4d00000|  0%| F|  |TS  0|AC  0|TAMS 0x00000006c4c00000, 0x00000006c4c00000|
|  65|0x00000006c4d00000, 0x00000006c4d00000, 0x00000006c4e00000|  0%| F|  |TS  0|AC  0|TAMS 0x00000006c4d00000, 0x00000006c4d00000|
|  66|0x00000006c4e00000, 0x00000006c4e00000, 0x00000006c4f00000|  0%| F|  |TS  0|AC  0|TAMS 0x00000006c4e00000, 0x00000006c4e00000|
|  67|0x00000006c4f00000, 0x00000006c4f00000, 0x00000006c5000000|  0%| F|  |TS  0|AC  0|TAMS 0x00000006c4f00000, 0x00000006c4f00000|
|  68|0x00000006c5000000, 0x00000006c5000000, 0x00000006c5100000|  0%| F|  |TS  0|AC  0|TAMS 0x00000006c5000000, 0x00000006c5000000|
|  69|0x00000006c5100000, 0x00000006c5100000, 0x00000006c5200000|  0%| F|  |TS  0|AC  0|TAMS 0x00000006c5100000, 0x00000006c5100000|
|  70|0x00000006c5200000, 0x00000006c5200000, 0x00000006c5300000|  0%| F|  |TS  0|AC  0|TAMS 0x00000006c5200000, 0x00000006c5200000|
|  71|0x00000006c5300000, 0x00000006c5300000, 0x00000006c5400000|  0%| F|  |TS  0|AC  0|TAMS 0x00000006c5300000, 0x00000006c5300000|
|  72|0x00000006c5400000, 0x00000006c5400000, 0x00000006c5500000|  0%| F|  |TS  0|AC  0|TAMS 0x00000006c5400000, 0x00000006c5400000|
|  73|0x00000006c5500000, 0x00000006c5500000, 0x00000006c5600000|  0%| F|  |TS  0|AC  0|TAMS 0x00000006c5500000, 0x00000006c5500000|
|  74|0x00000006c5600000, 0x00000006c5600000, 0x00000006c5700000|  0%| F|  |TS  0|AC  0|TAMS 0x00000006c5600000, 0x00000006c5600000|
|  75|0x00000006c5700000, 0x00000006c5700000, 0x00000006c5800000|  0%| F|  |TS  0|AC  0|TAMS 0x00000006c5700000, 0x00000006c5700000|
|  76|0x00000006c5800000, 0x00000006c5800000, 0x00000006c5900000|  0%| F|  |TS  0|AC  0|TAMS 0x00000006c5800000, 0x00000006c5800000|
|  77|0x00000006c5900000, 0x00000006c5900000, 0x00000006c5a00000|  0%| F|  |TS  0|AC  0|TAMS 0x00000006c5900000, 0x00000006c5900000|
|  78|0x00000006c5a00000, 0x00000006c5a00000, 0x00000006c5b00000|  0%| F|  |TS  0|AC  0|TAMS 0x00000006c5a00000, 0x00000006c5a00000|
|  79|0x00000006c5b00000, 0x00000006c5b00000, 0x00000006c5c00000|  0%| F|  |TS  0|AC  0|TAMS 0x00000006c5b00000, 0x00000006c5b00000|
|  80|0x00000006c5c00000, 0x00000006c5c00000, 0x00000006c5d00000|  0%| F|  |TS  0|AC  0|TAMS 0x00000006c5c00000, 0x00000006c5c00000|
|  81|0x00000006c5d00000, 0x00000006c5d00000, 0x00000006c5e00000|  0%| F|  |TS  0|AC  0|TAMS 0x00000006c5d00000, 0x00000006c5d00000|
|  82|0x00000006c5e00000, 0x00000006c5e00000, 0x00000006c5f00000|  0%| F|  |TS  0|AC  0|TAMS 0x00000006c5e00000, 0x00000006c5e00000|
|  83|0x00000006c5f00000, 0x00000006c5f00000, 0x00000006c6000000|  0%| F|  |TS  0|AC  0|TAMS 0x00000006c5f00000, 0x00000006c5f00000|
|  84|0x00000006c6000000, 0x00000006c6000000, 0x00000006c6100000|  0%| F|  |TS  0|AC  0|TAMS 0x00000006c6000000, 0x00000006c6000000|
|  85|0x00000006c6100000, 0x00000006c6100000, 0x00000006c6200000|  0%| F|  |TS  0|AC  0|TAMS 0x00000006c6100000, 0x00000006c6100000|
|  86|0x00000006c6200000, 0x00000006c6200000, 0x00000006c6300000|  0%| F|  |TS  0|AC  0|TAMS 0x00000006c6200000, 0x00000006c6200000|
|  87|0x00000006c6300000, 0x00000006c6300000, 0x00000006c6400000|  0%| F|  |TS  0|AC  0|TAMS 0x00000006c6300000, 0x00000006c6300000|
|  88|0x00000006c6400000, 0x00000006c6400000, 0x00000006c6500000|  0%| F|  |TS  0|AC  0|TAMS 0x00000006c6400000, 0x00000006c6400000|
|  89|0x00000006c6500000, 0x00000006c6500000, 0x00000006c6600000|  0%| F|  |TS  0|AC  0|TAMS 0x00000006c6500000, 0x00000006c6500000|
|  90|0x00000006c6600000, 0x00000006c6600000, 0x00000006c6700000|  0%| F|  |TS  0|AC  0|TAMS 0x00000006c6600000, 0x00000006c6600000|
|  91|0x00000006c6700000, 0x00000006c6700000, 0x00000006c6800000|  0%| F|  |TS  0|AC  0|TAMS 0x00000006c6700000, 0x00000006c6700000|
|  92|0x00000006c6800000, 0x00000006c6800000, 0x00000006c6900000|  0%| F|  |TS  0|AC  0|TAMS 0x00000006c6800000, 0x00000006c6800000|
|  93|0x00000006c6900000, 0x00000006c6900000, 0x00000006c6a00000|  0%| F|  |TS  0|AC  0|TAMS 0x00000006c6900000, 0x00000006c6900000|
|  94|0x00000006c6a00000, 0x00000006c6a00000, 0x00000006c6b00000|  0%| F|  |TS  0|AC  0|TAMS 0x00000006c6a00000, 0x00000006c6a00000|
|  95|0x00000006c6b00000, 0x00000006c6b00000, 0x00000006c6c00000|  0%| F|  |TS  0|AC  0|TAMS 0x00000006c6b00000, 0x00000006c6b00000|
|  96|0x00000006c6c00000, 0x00000006c6c00000, 0x00000006c6d00000|  0%| F|  |TS  0|AC  0|TAMS 0x00000006c6c00000, 0x00000006c6c00000|
|  97|0x00000006c6d00000, 0x00000006c6d00000, 0x00000006c6e00000|  0%| F|  |TS  0|AC  0|TAMS 0x00000006c6d00000, 0x00000006c6d00000|
|  98|0x00000006c6e00000, 0x00000006c6e60600, 0x00000006c6f00000| 37%| S|CS|TS  3|AC  0|TAMS 0x00000006c6e00000, 0x00000006c6e00000|
|  99|0x00000006c6f00000, 0x00000006c6f00000, 0x00000006c7000000|  0%| F|  |TS  3|AC  0|TAMS 0x00000006c6f00000, 0x00000006c6f00000|
| 100|0x00000006c7000000, 0x00000006c7000000, 0x00000006c7100000|  0%| F|  |TS  3|AC  0|TAMS 0x00000006c7000000, 0x00000006c7000000|
| 101|0x00000006c7100000, 0x00000006c7100000, 0x00000006c7200000|  0%| F|  |TS  3|AC  0|TAMS 0x00000006c7100000, 0x00000006c7100000|
| 102|0x00000006c7200000, 0x00000006c7200000, 0x00000006c7300000|  0%| F|  |TS  3|AC  0|TAMS 0x00000006c7200000, 0x00000006c7200000|
| 103|0x00000006c7300000, 0x00000006c7400000, 0x00000006c7400000|100%| S|CS|TS  3|AC  0|TAMS 0x00000006c7300000, 0x00000006c7300000|
| 104|0x00000006c7400000, 0x00000006c7500000, 0x00000006c7500000|100%| S|CS|TS  3|AC  0|TAMS 0x00000006c7400000, 0x00000006c7400000|
| 105|0x00000006c7500000, 0x00000006c7600000, 0x00000006c7600000|100%| S|CS|TS  3|AC  0|TAMS 0x00000006c7500000, 0x00000006c7500000|
| 106|0x00000006c7600000, 0x00000006c7700000, 0x00000006c7700000|100%| S|CS|TS  3|AC  0|TAMS 0x00000006c7600000, 0x00000006c7600000|
| 107|0x00000006c7700000, 0x00000006c7700000, 0x00000006c7800000|  0%| F|  |TS  3|AC  0|TAMS 0x00000006c7700000, 0x00000006c7700000|
| 108|0x00000006c7800000, 0x00000006c7800000, 0x00000006c7900000|  0%| F|  |TS  3|AC  0|TAMS 0x00000006c7800000, 0x00000006c7800000|
| 109|0x00000006c7900000, 0x00000006c7900000, 0x00000006c7a00000|  0%| F|  |TS  3|AC  0|TAMS 0x00000006c7900000, 0x00000006c7900000|
| 110|0x00000006c7a00000, 0x00000006c7a00000, 0x00000006c7b00000|  0%| F|  |TS  3|AC  0|TAMS 0x00000006c7a00000, 0x00000006c7a00000|
| 111|0x00000006c7b00000, 0x00000006c7b00000, 0x00000006c7c00000|  0%| F|  |TS  3|AC  0|TAMS 0x00000006c7b00000, 0x00000006c7b00000|
| 112|0x00000006c7c00000, 0x00000006c7c00000, 0x00000006c7d00000|  0%| F|  |TS  3|AC  0|TAMS 0x00000006c7c00000, 0x00000006c7c00000|
| 113|0x00000006c7d00000, 0x00000006c7d00000, 0x00000006c7e00000|  0%| F|  |TS  3|AC  0|TAMS 0x00000006c7d00000, 0x00000006c7d00000|
| 114|0x00000006c7e00000, 0x00000006c7e00000, 0x00000006c7f00000|  0%| F|  |TS  3|AC  0|TAMS 0x00000006c7e00000, 0x00000006c7e00000|
| 115|0x00000006c7f00000, 0x00000006c7f00000, 0x00000006c8000000|  0%| F|  |TS  3|AC  0|TAMS 0x00000006c7f00000, 0x00000006c7f00000|
| 116|0x00000006c8000000, 0x00000006c8000000, 0x00000006c8100000|  0%| F|  |TS  3|AC  0|TAMS 0x00000006c8000000, 0x00000006c8000000|
| 117|0x00000006c8100000, 0x00000006c8100000, 0x00000006c8200000|  0%| F|  |TS  3|AC  0|TAMS 0x00000006c8100000, 0x00000006c8100000|
| 118|0x00000006c8200000, 0x00000006c8200000, 0x00000006c8300000|  0%| F|  |TS  3|AC  0|TAMS 0x00000006c8200000, 0x00000006c8200000|
| 119|0x00000006c8300000, 0x00000006c8300000, 0x00000006c8400000|  0%| F|  |TS  3|AC  0|TAMS 0x00000006c8300000, 0x00000006c8300000|
| 120|0x00000006c8400000, 0x00000006c8400000, 0x00000006c8500000|  0%| F|  |TS  3|AC  0|TAMS 0x00000006c8400000, 0x00000006c8400000|
| 121|0x00000006c8500000, 0x00000006c8500000, 0x00000006c8600000|  0%| F|  |TS  3|AC  0|TAMS 0x00000006c8500000, 0x00000006c8500000|
| 122|0x00000006c8600000, 0x00000006c8600000, 0x00000006c8700000|  0%| F|  |TS  3|AC  0|TAMS 0x00000006c8600000, 0x00000006c8600000|
| 123|0x00000006c8700000, 0x00000006c8780800, 0x00000006c8800000| 50%| E|  |TS  3|AC  0|TAMS 0x00000006c8700000, 0x00000006c8700000|
| 124|0x00000006c8800000, 0x00000006c8900000, 0x00000006c8900000|100%| E|CS|TS  3|AC  0|TAMS 0x00000006c8800000, 0x00000006c8800000|
| 125|0x00000006c8900000, 0x00000006c8a00000, 0x00000006c8a00000|100%| E|CS|TS  3|AC  0|TAMS 0x00000006c8900000, 0x00000006c8900000|
| 126|0x00000006c8a00000, 0x00000006c8b00000, 0x00000006c8b00000|100%| E|CS|TS  3|AC  0|TAMS 0x00000006c8a00000, 0x00000006c8a00000|
| 127|0x00000006c8b00000, 0x00000006c8c00000, 0x00000006c8c00000|100%| E|CS|TS  3|AC  0|TAMS 0x00000006c8b00000, 0x00000006c8b00000|
| 128|0x00000006c8c00000, 0x00000006c8d00000, 0x00000006c8d00000|100%| E|CS|TS  3|AC  0|TAMS 0x00000006c8c00000, 0x00000006c8c00000|
| 129|0x00000006c8d00000, 0x00000006c8e00000, 0x00000006c8e00000|100%| E|CS|TS  3|AC  0|TAMS 0x00000006c8d00000, 0x00000006c8d00000|
| 130|0x00000006c8e00000, 0x00000006c8f00000, 0x00000006c8f00000|100%| E|CS|TS  3|AC  0|TAMS 0x00000006c8e00000, 0x00000006c8e00000|
| 131|0x00000006c8f00000, 0x00000006c9000000, 0x00000006c9000000|100%| E|CS|TS  3|AC  0|TAMS 0x00000006c8f00000, 0x00000006c8f00000|
| 132|0x00000006c9000000, 0x00000006c9100000, 0x00000006c9100000|100%| E|CS|TS  3|AC  0|TAMS 0x00000006c9000000, 0x00000006c9000000|
| 133|0x00000006c9100000, 0x00000006c9200000, 0x00000006c9200000|100%| E|CS|TS  3|AC  0|TAMS 0x00000006c9100000, 0x00000006c9100000|
| 134|0x00000006c9200000, 0x00000006c9300000, 0x00000006c9300000|100%| E|CS|TS  3|AC  0|TAMS 0x00000006c9200000, 0x00000006c9200000|
| 135|0x00000006c9300000, 0x00000006c9400000, 0x00000006c9400000|100%| E|CS|TS  3|AC  0|TAMS 0x00000006c9300000, 0x00000006c9300000|
| 136|0x00000006c9400000, 0x00000006c9500000, 0x00000006c9500000|100%| E|CS|TS  3|AC  0|TAMS 0x00000006c9400000, 0x00000006c9400000|
| 137|0x00000006c9500000, 0x00000006c9600000, 0x00000006c9600000|100%| E|CS|TS  3|AC  0|TAMS 0x00000006c9500000, 0x00000006c9500000|
| 138|0x00000006c9600000, 0x00000006c9700000, 0x00000006c9700000|100%| E|CS|TS  3|AC  0|TAMS 0x00000006c9600000, 0x00000006c9600000|
| 139|0x00000006c9700000, 0x00000006c9800000, 0x00000006c9800000|100%| E|CS|TS  3|AC  0|TAMS 0x00000006c9700000, 0x00000006c9700000|
| 140|0x00000006c9800000, 0x00000006c9900000, 0x00000006c9900000|100%| E|CS|TS  3|AC  0|TAMS 0x00000006c9800000, 0x00000006c9800000|
| 141|0x00000006c9900000, 0x00000006c9a00000, 0x00000006c9a00000|100%| E|CS|TS  3|AC  0|TAMS 0x00000006c9900000, 0x00000006c9900000|
| 142|0x00000006c9a00000, 0x00000006c9b00000, 0x00000006c9b00000|100%| E|CS|TS  3|AC  0|TAMS 0x00000006c9a00000, 0x00000006c9a00000|
| 143|0x00000006c9b00000, 0x00000006c9c00000, 0x00000006c9c00000|100%| E|CS|TS  3|AC  0|TAMS 0x00000006c9b00000, 0x00000006c9b00000|
| 144|0x00000006c9c00000, 0x00000006c9d00000, 0x00000006c9d00000|100%| E|CS|TS  3|AC  0|TAMS 0x00000006c9c00000, 0x00000006c9c00000|
| 145|0x00000006c9d00000, 0x00000006c9e00000, 0x00000006c9e00000|100%| E|CS|TS  3|AC  0|TAMS 0x00000006c9d00000, 0x00000006c9d00000|
| 146|0x00000006c9e00000, 0x00000006c9f00000, 0x00000006c9f00000|100%| E|CS|TS  3|AC  0|TAMS 0x00000006c9e00000, 0x00000006c9e00000|
| 147|0x00000006c9f00000, 0x00000006ca000000, 0x00000006ca000000|100%| E|CS|TS  3|AC  0|TAMS 0x00000006c9f00000, 0x00000006c9f00000|
| 148|0x00000006ca000000, 0x00000006ca100000, 0x00000006ca100000|100%| E|CS|TS  3|AC  0|TAMS 0x00000006ca000000, 0x00000006ca000000|
| 149|0x00000006ca100000, 0x00000006ca200000, 0x00000006ca200000|100%| E|CS|TS  3|AC  0|TAMS 0x00000006ca100000, 0x00000006ca100000|
| 150|0x00000006ca200000, 0x00000006ca300000, 0x00000006ca300000|100%| E|CS|TS  3|AC  0|TAMS 0x00000006ca200000, 0x00000006ca200000|
| 151|0x00000006ca300000, 0x00000006ca400000, 0x00000006ca400000|100%| E|CS|TS  3|AC  0|TAMS 0x00000006ca300000, 0x00000006ca300000|
| 152|0x00000006ca400000, 0x00000006ca500000, 0x00000006ca500000|100%| E|CS|TS  3|AC  0|TAMS 0x00000006ca400000, 0x00000006ca400000|
| 153|0x00000006ca500000, 0x00000006ca600000, 0x00000006ca600000|100%| E|CS|TS  3|AC  0|TAMS 0x00000006ca500000, 0x00000006ca500000|
| 154|0x00000006ca600000, 0x00000006ca700000, 0x00000006ca700000|100%| E|CS|TS  3|AC  0|TAMS 0x00000006ca600000, 0x00000006ca600000|
| 155|0x00000006ca700000, 0x00000006ca800000, 0x00000006ca800000|100%| E|CS|TS  3|AC  0|TAMS 0x00000006ca700000, 0x00000006ca700000|
| 156|0x00000006ca800000, 0x00000006ca900000, 0x00000006ca900000|100%| E|CS|TS  3|AC  0|TAMS 0x00000006ca800000, 0x00000006ca800000|
| 157|0x00000006ca900000, 0x00000006caa00000, 0x00000006caa00000|100%| E|CS|TS  3|AC  0|TAMS 0x00000006ca900000, 0x00000006ca900000|
| 158|0x00000006caa00000, 0x00000006cab00000, 0x00000006cab00000|100%| E|CS|TS  3|AC  0|TAMS 0x00000006caa00000, 0x00000006caa00000|
| 159|0x00000006cab00000, 0x00000006cac00000, 0x00000006cac00000|100%| E|CS|TS  3|AC  0|TAMS 0x00000006cab00000, 0x00000006cab00000|
| 160|0x00000006cac00000, 0x00000006cad00000, 0x00000006cad00000|100%| E|CS|TS  3|AC  0|TAMS 0x00000006cac00000, 0x00000006cac00000|
| 161|0x00000006cad00000, 0x00000006cae00000, 0x00000006cae00000|100%| E|CS|TS  3|AC  0|TAMS 0x00000006cad00000, 0x00000006cad00000|
| 162|0x00000006cae00000, 0x00000006caf00000, 0x00000006caf00000|100%| E|CS|TS  3|AC  0|TAMS 0x00000006cae00000, 0x00000006cae00000|
| 163|0x00000006caf00000, 0x00000006cb000000, 0x00000006cb000000|100%| E|CS|TS  3|AC  0|TAMS 0x00000006caf00000, 0x00000006caf00000|
| 164|0x00000006cb000000, 0x00000006cb100000, 0x00000006cb100000|100%| E|CS|TS  3|AC  0|TAMS 0x00000006cb000000, 0x00000006cb000000|
| 165|0x00000006cb100000, 0x00000006cb200000, 0x00000006cb200000|100%| E|CS|TS  3|AC  0|TAMS 0x00000006cb100000, 0x00000006cb100000|
| 166|0x00000006cb200000, 0x00000006cb300000, 0x00000006cb300000|100%| E|CS|TS  3|AC  0|TAMS 0x00000006cb200000, 0x00000006cb200000|
| 167|0x00000006cb300000, 0x00000006cb400000, 0x00000006cb400000|100%| E|CS|TS  3|AC  0|TAMS 0x00000006cb300000, 0x00000006cb300000|
| 168|0x00000006cb400000, 0x00000006cb500000, 0x00000006cb500000|100%| E|CS|TS  3|AC  0|TAMS 0x00000006cb400000, 0x00000006cb400000|
| 169|0x00000006cb500000, 0x00000006cb600000, 0x00000006cb600000|100%| E|CS|TS  3|AC  0|TAMS 0x00000006cb500000, 0x00000006cb500000|
| 170|0x00000006cb600000, 0x00000006cb700000, 0x00000006cb700000|100%| E|CS|TS  3|AC  0|TAMS 0x00000006cb600000, 0x00000006cb600000|
| 171|0x00000006cb700000, 0x00000006cb800000, 0x00000006cb800000|100%| E|CS|TS  3|AC  0|TAMS 0x00000006cb700000, 0x00000006cb700000|
| 172|0x00000006cb800000, 0x00000006cb900000, 0x00000006cb900000|100%| E|CS|TS  3|AC  0|TAMS 0x00000006cb800000, 0x00000006cb800000|
| 173|0x00000006cb900000, 0x00000006cba00000, 0x00000006cba00000|100%| E|CS|TS  3|AC  0|TAMS 0x00000006cb900000, 0x00000006cb900000|
| 174|0x00000006cba00000, 0x00000006cbb00000, 0x00000006cbb00000|100%| E|CS|TS  3|AC  0|TAMS 0x00000006cba00000, 0x00000006cba00000|
| 175|0x00000006cbb00000, 0x00000006cbc00000, 0x00000006cbc00000|100%| E|CS|TS  3|AC  0|TAMS 0x00000006cbb00000, 0x00000006cbb00000|
| 176|0x00000006cbc00000, 0x00000006cbd00000, 0x00000006cbd00000|100%| E|CS|TS  3|AC  0|TAMS 0x00000006cbc00000, 0x00000006cbc00000|
| 177|0x00000006cbd00000, 0x00000006cbe00000, 0x00000006cbe00000|100%| E|CS|TS  3|AC  0|TAMS 0x00000006cbd00000, 0x00000006cbd00000|
| 178|0x00000006cbe00000, 0x00000006cbf00000, 0x00000006cbf00000|100%| E|CS|TS  3|AC  0|TAMS 0x00000006cbe00000, 0x00000006cbe00000|
| 179|0x00000006cbf00000, 0x00000006cc000000, 0x00000006cc000000|100%| E|CS|TS  3|AC  0|TAMS 0x00000006cbf00000, 0x00000006cbf00000|
| 180|0x00000006cc000000, 0x00000006cc100000, 0x00000006cc100000|100%| E|CS|TS  3|AC  0|TAMS 0x00000006cc000000, 0x00000006cc000000|
| 181|0x00000006cc100000, 0x00000006cc200000, 0x00000006cc200000|100%| E|CS|TS  3|AC  0|TAMS 0x00000006cc100000, 0x00000006cc100000|
| 182|0x00000006cc200000, 0x00000006cc300000, 0x00000006cc300000|100%| E|CS|TS  3|AC  0|TAMS 0x00000006cc200000, 0x00000006cc200000|
| 183|0x00000006cc300000, 0x00000006cc400000, 0x00000006cc400000|100%| E|CS|TS  3|AC  0|TAMS 0x00000006cc300000, 0x00000006cc300000|
| 184|0x00000006cc400000, 0x00000006cc500000, 0x00000006cc500000|100%| E|CS|TS  3|AC  0|TAMS 0x00000006cc400000, 0x00000006cc400000|
| 185|0x00000006cc500000, 0x00000006cc600000, 0x00000006cc600000|100%| E|CS|TS  3|AC  0|TAMS 0x00000006cc500000, 0x00000006cc500000|
| 186|0x00000006cc600000, 0x00000006cc700000, 0x00000006cc700000|100%| E|CS|TS  3|AC  0|TAMS 0x00000006cc600000, 0x00000006cc600000|
| 187|0x00000006cc700000, 0x00000006cc800000, 0x00000006cc800000|100%| E|CS|TS  3|AC  0|TAMS 0x00000006cc700000, 0x00000006cc700000|
| 188|0x00000006cc800000, 0x00000006cc900000, 0x00000006cc900000|100%| E|CS|TS  3|AC  0|TAMS 0x00000006cc800000, 0x00000006cc800000|
| 189|0x00000006cc900000, 0x00000006cca00000, 0x00000006cca00000|100%| E|CS|TS  3|AC  0|TAMS 0x00000006cc900000, 0x00000006cc900000|
| 190|0x00000006cca00000, 0x00000006ccb00000, 0x00000006ccb00000|100%| E|CS|TS  3|AC  0|TAMS 0x00000006cca00000, 0x00000006cca00000|
| 191|0x00000006ccb00000, 0x00000006ccc00000, 0x00000006ccc00000|100%| E|CS|TS  3|AC  0|TAMS 0x00000006ccb00000, 0x00000006ccb00000|
| 192|0x00000006ccc00000, 0x00000006ccd00000, 0x00000006ccd00000|100%| E|CS|TS  3|AC  0|TAMS 0x00000006ccc00000, 0x00000006ccc00000|
| 193|0x00000006ccd00000, 0x00000006cce00000, 0x00000006cce00000|100%| E|CS|TS  3|AC  0|TAMS 0x00000006ccd00000, 0x00000006ccd00000|
| 194|0x00000006cce00000, 0x00000006ccf00000, 0x00000006ccf00000|100%| E|CS|TS  3|AC  0|TAMS 0x00000006cce00000, 0x00000006cce00000|
| 195|0x00000006ccf00000, 0x00000006cd000000, 0x00000006cd000000|100%| E|CS|TS  3|AC  0|TAMS 0x00000006ccf00000, 0x00000006ccf00000|
| 196|0x00000006cd000000, 0x00000006cd100000, 0x00000006cd100000|100%| E|CS|TS  3|AC  0|TAMS 0x00000006cd000000, 0x00000006cd000000|
| 197|0x00000006cd100000, 0x00000006cd200000, 0x00000006cd200000|100%| E|CS|TS  3|AC  0|TAMS 0x00000006cd100000, 0x00000006cd100000|
| 198|0x00000006cd200000, 0x00000006cd300000, 0x00000006cd300000|100%| E|CS|TS  3|AC  0|TAMS 0x00000006cd200000, 0x00000006cd200000|
| 199|0x00000006cd300000, 0x00000006cd400000, 0x00000006cd400000|100%| E|CS|TS  3|AC  0|TAMS 0x00000006cd300000, 0x00000006cd300000|
| 200|0x00000006cd400000, 0x00000006cd500000, 0x00000006cd500000|100%| E|CS|TS  3|AC  0|TAMS 0x00000006cd400000, 0x00000006cd400000|
| 201|0x00000006cd500000, 0x00000006cd600000, 0x00000006cd600000|100%| E|CS|TS  3|AC  0|TAMS 0x00000006cd500000, 0x00000006cd500000|
| 202|0x00000006cd600000, 0x00000006cd700000, 0x00000006cd700000|100%| E|CS|TS  3|AC  0|TAMS 0x00000006cd600000, 0x00000006cd600000|
| 203|0x00000006cd700000, 0x00000006cd800000, 0x00000006cd800000|100%| E|CS|TS  3|AC  0|TAMS 0x00000006cd700000, 0x00000006cd700000|
| 204|0x00000006cd800000, 0x00000006cd900000, 0x00000006cd900000|100%| E|CS|TS  3|AC  0|TAMS 0x00000006cd800000, 0x00000006cd800000|
| 205|0x00000006cd900000, 0x00000006cda00000, 0x00000006cda00000|100%| E|CS|TS  3|AC  0|TAMS 0x00000006cd900000, 0x00000006cd900000|
| 206|0x00000006cda00000, 0x00000006cdb00000, 0x00000006cdb00000|100%| E|CS|TS  3|AC  0|TAMS 0x00000006cda00000, 0x00000006cda00000|
| 207|0x00000006cdb00000, 0x00000006cdc00000, 0x00000006cdc00000|100%| E|CS|TS  3|AC  0|TAMS 0x00000006cdb00000, 0x00000006cdb00000|
| 208|0x00000006cdc00000, 0x00000006cdd00000, 0x00000006cdd00000|100%| E|CS|TS  3|AC  0|TAMS 0x00000006cdc00000, 0x00000006cdc00000|
| 209|0x00000006cdd00000, 0x00000006cde00000, 0x00000006cde00000|100%| E|CS|TS  3|AC  0|TAMS 0x00000006cdd00000, 0x00000006cdd00000|
| 210|0x00000006cde00000, 0x00000006cdf00000, 0x00000006cdf00000|100%| E|CS|TS  3|AC  0|TAMS 0x00000006cde00000, 0x00000006cde00000|
| 211|0x00000006cdf00000, 0x00000006ce000000, 0x00000006ce000000|100%| E|CS|TS  3|AC  0|TAMS 0x00000006cdf00000, 0x00000006cdf00000|
| 212|0x00000006ce000000, 0x00000006ce100000, 0x00000006ce100000|100%| E|CS|TS  3|AC  0|TAMS 0x00000006ce000000, 0x00000006ce000000|
| 213|0x00000006ce100000, 0x00000006ce200000, 0x00000006ce200000|100%| E|CS|TS  3|AC  0|TAMS 0x00000006ce100000, 0x00000006ce100000|
| 214|0x00000006ce200000, 0x00000006ce300000, 0x00000006ce300000|100%| E|CS|TS  3|AC  0|TAMS 0x00000006ce200000, 0x00000006ce200000|
| 215|0x00000006ce300000, 0x00000006ce400000, 0x00000006ce400000|100%| E|CS|TS  3|AC  0|TAMS 0x00000006ce300000, 0x00000006ce300000|
| 216|0x00000006ce400000, 0x00000006ce500000, 0x00000006ce500000|100%| E|CS|TS  3|AC  0|TAMS 0x00000006ce400000, 0x00000006ce400000|
| 217|0x00000006ce500000, 0x00000006ce600000, 0x00000006ce600000|100%| E|CS|TS  3|AC  0|TAMS 0x00000006ce500000, 0x00000006ce500000|
| 218|0x00000006ce600000, 0x00000006ce700000, 0x00000006ce700000|100%| E|CS|TS  3|AC  0|TAMS 0x00000006ce600000, 0x00000006ce600000|
| 219|0x00000006ce700000, 0x00000006ce800000, 0x00000006ce800000|100%| E|CS|TS  3|AC  0|TAMS 0x00000006ce700000, 0x00000006ce700000|
| 220|0x00000006ce800000, 0x00000006ce900000, 0x00000006ce900000|100%| E|CS|TS  3|AC  0|TAMS 0x00000006ce800000, 0x00000006ce800000|
| 221|0x00000006ce900000, 0x00000006cea00000, 0x00000006cea00000|100%| E|CS|TS  3|AC  0|TAMS 0x00000006ce900000, 0x00000006ce900000|
| 222|0x00000006cea00000, 0x00000006ceb00000, 0x00000006ceb00000|100%| E|CS|TS  3|AC  0|TAMS 0x00000006cea00000, 0x00000006cea00000|
| 223|0x00000006ceb00000, 0x00000006cec00000, 0x00000006cec00000|100%| E|CS|TS  3|AC  0|TAMS 0x00000006ceb00000, 0x00000006ceb00000|
| 224|0x00000006cec00000, 0x00000006ced00000, 0x00000006ced00000|100%| E|CS|TS  3|AC  0|TAMS 0x00000006cec00000, 0x00000006cec00000|
| 225|0x00000006ced00000, 0x00000006cee00000, 0x00000006cee00000|100%| E|CS|TS  3|AC  0|TAMS 0x00000006ced00000, 0x00000006ced00000|
| 226|0x00000006cee00000, 0x00000006cef00000, 0x00000006cef00000|100%| E|CS|TS  3|AC  0|TAMS 0x00000006cee00000, 0x00000006cee00000|
| 227|0x00000006cef00000, 0x00000006cf000000, 0x00000006cf000000|100%| E|CS|TS  3|AC  0|TAMS 0x00000006cef00000, 0x00000006cef00000|
| 228|0x00000006cf000000, 0x00000006cf100000, 0x00000006cf100000|100%| E|CS|TS  3|AC  0|TAMS 0x00000006cf000000, 0x00000006cf000000|
| 229|0x00000006cf100000, 0x00000006cf200000, 0x00000006cf200000|100%| E|CS|TS  3|AC  0|TAMS 0x00000006cf100000, 0x00000006cf100000|
| 230|0x00000006cf200000, 0x00000006cf300000, 0x00000006cf300000|100%| E|CS|TS  3|AC  0|TAMS 0x00000006cf200000, 0x00000006cf200000|
| 231|0x00000006cf300000, 0x00000006cf400000, 0x00000006cf400000|100%| E|CS|TS  3|AC  0|TAMS 0x00000006cf300000, 0x00000006cf300000|
| 232|0x00000006cf400000, 0x00000006cf500000, 0x00000006cf500000|100%| E|CS|TS  3|AC  0|TAMS 0x00000006cf400000, 0x00000006cf400000|
| 233|0x00000006cf500000, 0x00000006cf600000, 0x00000006cf600000|100%| E|CS|TS  3|AC  0|TAMS 0x00000006cf500000, 0x00000006cf500000|
| 234|0x00000006cf600000, 0x00000006cf700000, 0x00000006cf700000|100%| E|CS|TS  3|AC  0|TAMS 0x00000006cf600000, 0x00000006cf600000|
| 235|0x00000006cf700000, 0x00000006cf800000, 0x00000006cf800000|100%| E|CS|TS  3|AC  0|TAMS 0x00000006cf700000, 0x00000006cf700000|
| 236|0x00000006cf800000, 0x00000006cf900000, 0x00000006cf900000|100%| E|CS|TS  3|AC  0|TAMS 0x00000006cf800000, 0x00000006cf800000|
| 237|0x00000006cf900000, 0x00000006cfa00000, 0x00000006cfa00000|100%| E|CS|TS  3|AC  0|TAMS 0x00000006cf900000, 0x00000006cf900000|
| 238|0x00000006cfa00000, 0x00000006cfb00000, 0x00000006cfb00000|100%| E|CS|TS  3|AC  0|TAMS 0x00000006cfa00000, 0x00000006cfa00000|
| 239|0x00000006cfb00000, 0x00000006cfc00000, 0x00000006cfc00000|100%| E|CS|TS  3|AC  0|TAMS 0x00000006cfb00000, 0x00000006cfb00000|
| 240|0x00000006cfc00000, 0x00000006cfd00000, 0x00000006cfd00000|100%| E|CS|TS  3|AC  0|TAMS 0x00000006cfc00000, 0x00000006cfc00000|
| 241|0x00000006cfd00000, 0x00000006cfe00000, 0x00000006cfe00000|100%| E|CS|TS  3|AC  0|TAMS 0x00000006cfd00000, 0x00000006cfd00000|
| 242|0x00000006cfe00000, 0x00000006cff00000, 0x00000006cff00000|100%| E|CS|TS  3|AC  0|TAMS 0x00000006cfe00000, 0x00000006cfe00000|
| 243|0x00000006cff00000, 0x00000006d0000000, 0x00000006d0000000|100%| E|CS|TS  3|AC  0|TAMS 0x00000006cff00000, 0x00000006cff00000|
| 244|0x00000006d0000000, 0x00000006d0100000, 0x00000006d0100000|100%| E|CS|TS  3|AC  0|TAMS 0x00000006d0000000, 0x00000006d0000000|
| 245|0x00000006d0100000, 0x00000006d0200000, 0x00000006d0200000|100%| E|CS|TS  3|AC  0|TAMS 0x00000006d0100000, 0x00000006d0100000|
| 246|0x00000006d0200000, 0x00000006d0300000, 0x00000006d0300000|100%| E|CS|TS  3|AC  0|TAMS 0x00000006d0200000, 0x00000006d0200000|
| 247|0x00000006d0300000, 0x00000006d0400000, 0x00000006d0400000|100%| E|CS|TS  3|AC  0|TAMS 0x00000006d0300000, 0x00000006d0300000|
| 248|0x00000006d0400000, 0x00000006d0500000, 0x00000006d0500000|100%| E|CS|TS  3|AC  0|TAMS 0x00000006d0400000, 0x00000006d0400000|
| 249|0x00000006d0500000, 0x00000006d0600000, 0x00000006d0600000|100%| E|CS|TS  3|AC  0|TAMS 0x00000006d0500000, 0x00000006d0500000|
| 250|0x00000006d0600000, 0x00000006d0700000, 0x00000006d0700000|100%| E|CS|TS  3|AC  0|TAMS 0x00000006d0600000, 0x00000006d0600000|
| 251|0x00000006d0700000, 0x00000006d0800000, 0x00000006d0800000|100%| E|CS|TS  3|AC  0|TAMS 0x00000006d0700000, 0x00000006d0700000|
| 252|0x00000006d0800000, 0x00000006d0900000, 0x00000006d0900000|100%| E|CS|TS  3|AC  0|TAMS 0x00000006d0800000, 0x00000006d0800000|
| 253|0x00000006d0900000, 0x00000006d0a00000, 0x00000006d0a00000|100%| E|CS|TS  3|AC  0|TAMS 0x00000006d0900000, 0x00000006d0900000|
| 254|0x00000006d0a00000, 0x00000006d0b00000, 0x00000006d0b00000|100%| E|CS|TS  3|AC  0|TAMS 0x00000006d0a00000, 0x00000006d0a00000|
| 255|0x00000006d0b00000, 0x00000006d0c00000, 0x00000006d0c00000|100%| E|CS|TS  3|AC  0|TAMS 0x00000006d0b00000, 0x00000006d0b00000|

Card table byte_map: [0x000001d373160000,0x000001d373960000] byte_map_base: 0x000001d36fb5a000

Marking Bits (Prev, Next): (CMBitMap*) 0x000001d357de5350, (CMBitMap*) 0x000001d357de5388
 Prev Bits: [0x000001d374160000, 0x000001d378130000)
 Next Bits: [0x000001d378130000, 0x000001d37c100000)

Polling page: 0x000001d3559d0000

CodeHeap 'non-profiled nmethods': size=119168Kb used=982Kb max_used=1052Kb free=118185Kb
 bounds [0x000001d36ac80000, 0x000001d36aef0000, 0x000001d3720e0000]
CodeHeap 'profiled nmethods': size=119168Kb used=1359Kb max_used=2348Kb free=117808Kb
 bounds [0x000001d363820000, 0x000001d363a90000, 0x000001d36ac80000]
CodeHeap 'non-nmethods': size=7424Kb used=2843Kb max_used=2909Kb free=4580Kb
 bounds [0x000001d3630e0000, 0x000001d3633c0000, 0x000001d363820000]
 total_blobs=2021 nmethods=910 adapters=289
 compilation: enabled

Compilation events (10 events):
Event: 2972.012 Thread 0x000001d37fb59800 nmethod 1151 0x000001d363a6ad90 code [0x000001d363a6af60, 0x000001d363a6b1b8]
Event: 2972.018 Thread 0x000001d37fb57800 nmethod 1149 0x000001d36ad86d10 code [0x000001d36ad86ec0, 0x000001d36ad87048]
Event: 3309.968 Thread 0x000001d37fb5b000 1153       3       org.eclipse.jdt.launching.internal.org.objectweb.asm.MethodWriter::visitTypeInsn (116 bytes)
Event: 3309.968 Thread 0x000001d37fb57000 1154       3       org.eclipse.jdt.launching.internal.org.objectweb.asm.Label::addForwardReference (100 bytes)
Event: 3309.968 Thread 0x000001d37fb57000 nmethod 1154 0x000001d363821a10 code [0x000001d363821be0, 0x000001d363822110]
Event: 3309.969 Thread 0x000001d37fb5b000 nmethod 1153 0x000001d363821110 code [0x000001d363821300, 0x000001d3638217f0]
Event: 3527.934 Thread 0x000001d37fb4c800 1155       4       org.eclipse.jdt.launching.internal.org.objectweb.asm.SymbolTable::addConstantUtf8 (98 bytes)
Event: 3527.963 Thread 0x000001d37fb4c800 nmethod 1155 0x000001d36ac8ea10 code [0x000001d36ac8ec20, 0x000001d36ac90358]
Event: 3909.071 Thread 0x000001d37fb5c800 1156       4       org.eclipse.jdt.launching.internal.org.objectweb.asm.ClassReader::readInt (52 bytes)
Event: 3909.073 Thread 0x000001d37fb5c800 nmethod 1156 0x000001d36ac81410 code [0x000001d36ac815a0, 0x000001d36ac816b8]

GC Heap History (6 events):
Event: 0.320 GC heap before
{Heap before GC invocations=0 (full 0):
 garbage-first heap   total 262144K, used 24576K [0x00000006c0c00000, 0x00000007c0000000)
  region size 1024K, 24 young (24576K), 0 survivors (0K)
 Metaspace       used 9483K, capacity 9599K, committed 9856K, reserved 1058816K
  class space    used 775K, capacity 814K, committed 896K, reserved 1048576K
}
Event: 0.323 GC heap after
{Heap after GC invocations=1 (full 0):
 garbage-first heap   total 262144K, used 2019K [0x00000006c0c00000, 0x00000007c0000000)
  region size 1024K, 2 young (2048K), 2 survivors (2048K)
 Metaspace       used 9483K, capacity 9599K, committed 9856K, reserved 1058816K
  class space    used 775K, capacity 814K, committed 896K, reserved 1048576K
}
Event: 0.966 GC heap before
{Heap before GC invocations=1 (full 0):
 garbage-first heap   total 262144K, used 156643K [0x00000006c0c00000, 0x00000007c0000000)
  region size 1024K, 153 young (156672K), 2 survivors (2048K)
 Metaspace       used 9736K, capacity 9869K, committed 10112K, reserved 1058816K
  class space    used 779K, capacity 814K, committed 896K, reserved 1048576K
}
Event: 0.969 GC heap after
{Heap after GC invocations=2 (full 0):
 garbage-first heap   total 262144K, used 4096K [0x00000006c0c00000, 0x00000007c0000000)
  region size 1024K, 4 young (4096K), 4 survivors (4096K)
 Metaspace       used 9736K, capacity 9869K, committed 10112K, reserved 1058816K
  class space    used 779K, capacity 814K, committed 896K, reserved 1048576K
}
Event: 1.520 GC heap before
{Heap before GC invocations=2 (full 0):
 garbage-first heap   total 262144K, used 156672K [0x00000006c0c00000, 0x00000007c0000000)
  region size 1024K, 153 young (156672K), 4 survivors (4096K)
 Metaspace       used 9736K, capacity 9869K, committed 10112K, reserved 1058816K
  class space    used 779K, capacity 814K, committed 896K, reserved 1048576K
}
Event: 1.522 GC heap after
{Heap after GC invocations=3 (full 0):
 garbage-first heap   total 262144K, used 4481K [0x00000006c0c00000, 0x00000007c0000000)
  region size 1024K, 5 young (5120K), 5 survivors (5120K)
 Metaspace       used 9736K, capacity 9869K, committed 10112K, reserved 1058816K
  class space    used 779K, capacity 814K, committed 896K, reserved 1048576K
}

Deoptimization events (10 events):
Event: 0.350 Thread 0x000001d357d52800 Uncommon trap: reason=class_check action=maybe_recompile pc=0x000001d36acbde8c method=java.util.regex.Pattern$GroupTail.match(Ljava/util/regex/Matcher;ILjava/lang/CharSequence;)Z @ 70 c2
Event: 0.350 Thread 0x000001d357d52800 Uncommon trap: reason=class_check action=maybe_recompile pc=0x000001d36acbde8c method=java.util.regex.Pattern$GroupTail.match(Ljava/util/regex/Matcher;ILjava/lang/CharSequence;)Z @ 70 c2
Event: 0.350 Thread 0x000001d357d52800 Uncommon trap: reason=unstable_if action=reinterpret pc=0x000001d36acbdeb0 method=java.util.regex.Pattern$LastNode.match(Ljava/util/regex/Matcher;ILjava/lang/CharSequence;)Z @ 5 c2
Event: 0.350 Thread 0x000001d357d52800 Uncommon trap: reason=class_check action=maybe_recompile pc=0x000001d36acc4924 method=java.util.regex.Pattern$Start.match(Ljava/util/regex/Matcher;ILjava/lang/CharSequence;)Z @ 44 c2
Event: 0.350 Thread 0x000001d357d52800 Uncommon trap: reason=unstable_if action=reinterpret pc=0x000001d36acc0134 method=java.util.regex.Pattern$LastNode.match(Ljava/util/regex/Matcher;ILjava/lang/CharSequence;)Z @ 5 c2
Event: 0.350 Thread 0x000001d357d52800 Uncommon trap: reason=class_check action=maybe_recompile pc=0x000001d36acc4924 method=java.util.regex.Pattern$Start.match(Ljava/util/regex/Matcher;ILjava/lang/CharSequence;)Z @ 44 c2
Event: 0.351 Thread 0x000001d357d52800 Uncommon trap: reason=class_check action=maybe_recompile pc=0x000001d36acc4924 method=java.util.regex.Pattern$Start.match(Ljava/util/regex/Matcher;ILjava/lang/CharSequence;)Z @ 44 c2
Event: 0.356 Thread 0x000001d357d52800 Uncommon trap: reason=unstable_if action=reinterpret pc=0x000001d36acb5188 method=java.util.regex.Matcher.reset()Ljava/util/regex/Matcher; @ 71 c2
Event: 0.356 Thread 0x000001d357d52800 Uncommon trap: reason=class_check action=maybe_recompile pc=0x000001d36acb6ae8 method=java.util.regex.Pattern$BmpCharProperty.match(Ljava/util/regex/Matcher;ILjava/lang/CharSequence;)Z @ 19 c2
Event: 0.356 Thread 0x000001d357d52800 Uncommon trap: reason=class_check action=maybe_recompile pc=0x000001d36acb6ae8 method=java.util.regex.Pattern$BmpCharProperty.match(Ljava/util/regex/Matcher;ILjava/lang/CharSequence;)Z @ 19 c2

Classes redefined (10 events):
Event: 2457.702 Thread 0x000001d37fac4800 redefined class name=a6.ReviewAnalysis, count=8
Event: 2792.281 Thread 0x000001d37fac4800 redefined class name=a6.ReviewAnalysis, count=9
Event: 2806.102 Thread 0x000001d37fac4800 redefined class name=a6.ReviewAnalysis, count=10
Event: 2948.217 Thread 0x000001d37fac4800 redefined class name=a6.ReviewAnalysis, count=11
Event: 2972.018 Thread 0x000001d37fac4800 redefined class name=a6.ReviewAnalysis, count=12
Event: 3124.184 Thread 0x000001d37fac4800 redefined class name=a6.ReviewAnalysis, count=13
Event: 3309.974 Thread 0x000001d37fac4800 redefined class name=a6.ReviewAnalysis, count=14
Event: 3527.938 Thread 0x000001d37fac4800 redefined class name=a6.ReviewAnalysis, count=15
Event: 3909.080 Thread 0x000001d37fac4800 redefined class name=a6.ReviewAnalysis, count=16
Event: 3965.581 Thread 0x000001d37fac4800 redefined class name=a6.ReviewAnalysis, count=17

Internal exceptions (5 events):
Event: 0.128 Thread 0x000001d357d52800 Exception <a 'java/security/PrivilegedActionException'{0x00000006d08d30e0}> (0x00000006d08d30e0) thrown at [t:/workspace/open/src/hotspot/share/prims/jvm.cpp, line 1345]
Event: 0.128 Thread 0x000001d357d52800 Exception <a 'java/security/PrivilegedActionException'{0x00000006d08d33b0}> (0x00000006d08d33b0) thrown at [t:/workspace/open/src/hotspot/share/prims/jvm.cpp, line 1345]
Event: 0.245 Thread 0x000001d357d52800 Exception <a 'java/lang/NoSuchMethodError'{0x00000006d0411a88}: java.lang.Object.lambda$negate$3(I)Z> (0x00000006d0411a88) thrown at [t:/workspace/open/src/hotspot/share/interpreter/linkResolver.cpp, line 741]
Event: 0.246 Thread 0x000001d357d52800 Exception <a 'java/lang/NoSuchMethodError'{0x00000006d0414da8}: java.lang.Object.lambda$and$0(Ljava/util/regex/Pattern$CharPredicate;I)Z> (0x00000006d0414da8) thrown at [t:/workspace/open/src/hotspot/share/interpreter/linkResolver.cpp, line 741]
Event: 0.262 Thread 0x000001d357d52800 Exception <a 'java/lang/NoSuchMethodError'{0x00000006d04e39c0}: java.lang.Object.lambda$union$2(Ljava/util/regex/Pattern$CharPredicate;I)Z> (0x00000006d04e39c0) thrown at [t:/workspace/open/src/hotspot/share/interpreter/linkResolver.cpp, line 741]

Events (10 events):
Event: 4384.551 Executing VM operation: GetCurrentContendedMonitor done
Event: 4384.551 Executing VM operation: GetOwnedMonitorInfo
Event: 4384.551 Executing VM operation: GetOwnedMonitorInfo done
Event: 4384.551 Executing VM operation: GetCurrentContendedMonitor
Event: 4384.551 Executing VM operation: GetCurrentContendedMonitor done
Event: 4384.551 Executing VM operation: GetCurrentContendedMonitor
Event: 4384.551 Executing VM operation: GetCurrentContendedMonitor done
Event: 4384.551 Executing VM operation: GetOwnedMonitorInfo
Event: 4384.551 Executing VM operation: GetOwnedMonitorInfo done
Event: 4384.749 Executing VM operation: GetOrSetLocal


Dynamic libraries:
0x00007ff7b5df0000 - 0x00007ff7b5e2e000 	C:\Users\Christopher\Desktop\Developer Tools\Java\bin\javaw.exe
0x00007ffd26360000 - 0x00007ffd26541000 	C:\WINDOWS\SYSTEM32\ntdll.dll
0x00007ffd240b0000 - 0x00007ffd24162000 	C:\WINDOWS\System32\KERNEL32.DLL
0x00007ffd22a10000 - 0x00007ffd22c83000 	C:\WINDOWS\System32\KERNELBASE.dll
0x00007ffd24190000 - 0x00007ffd24231000 	C:\WINDOWS\System32\ADVAPI32.dll
0x00007ffd23e10000 - 0x00007ffd23eae000 	C:\WINDOWS\System32\msvcrt.dll
0x00007ffd23f20000 - 0x00007ffd23f7b000 	C:\WINDOWS\System32\sechost.dll
0x00007ffd23f80000 - 0x00007ffd240a4000 	C:\WINDOWS\System32\RPCRT4.dll
0x00007ffd238a0000 - 0x00007ffd23a30000 	C:\WINDOWS\System32\USER32.dll
0x00007ffd22c90000 - 0x00007ffd22cb0000 	C:\WINDOWS\System32\win32u.dll
0x00007ffd24240000 - 0x00007ffd24268000 	C:\WINDOWS\System32\GDI32.dll
0x00007ffd22d50000 - 0x00007ffd22ee2000 	C:\WINDOWS\System32\gdi32full.dll
0x00007ffd22cb0000 - 0x00007ffd22d4f000 	C:\WINDOWS\System32\msvcp_win.dll
0x00007ffd22790000 - 0x00007ffd2288a000 	C:\WINDOWS\System32\ucrtbase.dll
0x00007ffd166b0000 - 0x00007ffd16919000 	C:\WINDOWS\WinSxS\amd64_microsoft.windows.common-controls_6595b64144ccf1df_6.0.17134.590_none_fb3d9bff3069e088\COMCTL32.dll
0x00007ffd1d5c0000 - 0x00007ffd1d5ca000 	C:\WINDOWS\SYSTEM32\VERSION.dll
0x00007ffd25bb0000 - 0x00007ffd25ed2000 	C:\WINDOWS\System32\combase.dll
0x00007ffd22990000 - 0x00007ffd22a0a000 	C:\WINDOWS\System32\bcryptPrimitives.dll
0x00007ffd259d0000 - 0x00007ffd259fd000 	C:\WINDOWS\System32\IMM32.DLL
0x00007ffd02860000 - 0x00007ffd0294f000 	C:\Users\Christopher\Desktop\Developer Tools\Java\bin\msvcr120.dll
0x00007ffd027b0000 - 0x00007ffd02856000 	C:\Users\Christopher\Desktop\Developer Tools\Java\bin\msvcp120.dll
0x000000005f880000 - 0x00000000602f0000 	C:\Users\Christopher\Desktop\Developer Tools\Java\bin\server\jvm.dll
0x00007ffd242d0000 - 0x00007ffd242d8000 	C:\WINDOWS\System32\PSAPI.DLL
0x00007ffd20990000 - 0x00007ffd209b3000 	C:\WINDOWS\SYSTEM32\WINMM.dll
0x00007ffd1f060000 - 0x00007ffd1f069000 	C:\WINDOWS\SYSTEM32\WSOCK32.dll
0x00007ffd24480000 - 0x00007ffd244ec000 	C:\WINDOWS\System32\WS2_32.dll
0x00007ffd20960000 - 0x00007ffd2098a000 	C:\WINDOWS\SYSTEM32\winmmbase.dll
0x00007ffd22940000 - 0x00007ffd22989000 	C:\WINDOWS\System32\cfgmgr32.dll
0x00007ffd1d3a0000 - 0x00007ffd1d3af000 	C:\Users\Christopher\Desktop\Developer Tools\Java\bin\verify.dll
0x00007ffd0e760000 - 0x00007ffd0e929000 	C:\WINDOWS\SYSTEM32\DBGHELP.DLL
0x00007ffd0e710000 - 0x00007ffd0e739000 	C:\WINDOWS\SYSTEM32\dbgcore.DLL
0x00007ffd132c0000 - 0x00007ffd132e7000 	C:\Users\Christopher\Desktop\Developer Tools\Java\bin\java.dll
0x00007ffd12f00000 - 0x00007ffd12f36000 	C:\Users\Christopher\Desktop\Developer Tools\Java\bin\jdwp.dll
0x00007ffd13e30000 - 0x00007ffd13e5a000 	C:\Users\Christopher\Desktop\Developer Tools\Java\bin\instrument.dll
0x00007ffd1b680000 - 0x00007ffd1b696000 	C:\Users\Christopher\Desktop\Developer Tools\Java\bin\zip.dll
0x00007ffd1b010000 - 0x00007ffd1b01a000 	C:\Users\Christopher\Desktop\Developer Tools\Java\bin\jimage.dll
0x00007ffd24590000 - 0x00007ffd259d0000 	C:\WINDOWS\System32\SHELL32.dll
0x00007ffd237f0000 - 0x00007ffd23899000 	C:\WINDOWS\System32\shcore.dll
0x00007ffd22ef0000 - 0x00007ffd235fd000 	C:\WINDOWS\System32\windows.storage.dll
0x00007ffd25ad0000 - 0x00007ffd25b21000 	C:\WINDOWS\System32\shlwapi.dll
0x00007ffd22710000 - 0x00007ffd22721000 	C:\WINDOWS\System32\kernel.appcore.dll
0x00007ffd22680000 - 0x00007ffd2269f000 	C:\WINDOWS\System32\profapi.dll
0x00007ffd226c0000 - 0x00007ffd2270c000 	C:\WINDOWS\System32\powrprof.dll
0x00007ffd22670000 - 0x00007ffd2267a000 	C:\WINDOWS\System32\FLTLIB.DLL
0x00007ffd20a20000 - 0x00007ffd20a2a000 	C:\Users\Christopher\Desktop\Developer Tools\Java\bin\dt_socket.dll
0x00007ffd21ef0000 - 0x00007ffd21f56000 	C:\WINDOWS\System32\mswsock.dll
0x00007ffd21c50000 - 0x00007ffd21d0e000 	C:\WINDOWS\SYSTEM32\DNSAPI.dll
0x00007ffd23eb0000 - 0x00007ffd23eb8000 	C:\WINDOWS\System32\NSI.dll
0x00007ffd21c10000 - 0x00007ffd21c48000 	C:\WINDOWS\SYSTEM32\IPHLPAPI.DLL
0x00007ffd12500000 - 0x00007ffd12572000 	C:\WINDOWS\System32\fwpuclnt.dll
0x00007ffd221d0000 - 0x00007ffd221f5000 	C:\WINDOWS\SYSTEM32\bcrypt.dll
0x00007ffd12270000 - 0x00007ffd1227a000 	C:\Windows\System32\rasadhlp.dll
0x00007ffd14030000 - 0x00007ffd1404a000 	C:\Users\Christopher\Desktop\Developer Tools\Java\bin\net.dll
0x00007ffd1e5f0000 - 0x00007ffd1e6cd000 	C:\WINDOWS\SYSTEM32\WINHTTP.dll
0x00007ffd13190000 - 0x00007ffd131a1000 	C:\Users\Christopher\Desktop\Developer Tools\Java\bin\nio.dll

dbghelp: loaded successfully - version: 4.0.5 - missing functions: none
symbol engine: initialized successfully - sym options: 0x614 - pdb path: .;C:\Users\Christopher\Desktop\Developer Tools\Java\bin;C:\WINDOWS\SYSTEM32;C:\WINDOWS\WinSxS\amd64_microsoft.windows.common-controls_6595b64144ccf1df_6.0.17134.590_none_fb3d9bff3069e088;C:\Users\Christopher\Desktop\Developer Tools\Java\bin\server

VM Arguments:
jvm_args: -agentlib:jdwp=transport=dt_socket,suspend=y,address=localhost:51517 -javaagent:C:\Users\Christopher\Desktop\Developer Tools\java-photon\eclipse\configuration\org.eclipse.osgi\237\0\.cp\lib\javaagent-shaded.jar -Dfile.encoding=Cp1252 
java_command: a6.ReviewAnalysis
java_class_path (initial): C:\Users\Christopher\git\CS1410-Assignments\CS1410-Assignments\bin;C:\Users\Christopher\.p2\pool\plugins\org.junit.jupiter.api_5.1.0.v20180327-1502.jar;C:\Users\Christopher\.p2\pool\plugins\org.junit.jupiter.engine_5.1.0.v20180327-1502.jar;C:\Users\Christopher\.p2\pool\plugins\org.junit.jupiter.migrationsupport_5.1.0.v20180327-1502.jar;C:\Users\Christopher\.p2\pool\plugins\org.junit.jupiter.params_5.1.0.v20180327-1502.jar;C:\Users\Christopher\.p2\pool\plugins\org.junit.platform.commons_1.1.0.v20180327-1502.jar;C:\Users\Christopher\.p2\pool\plugins\org.junit.platform.engine_1.1.0.v20180327-1502.jar;C:\Users\Christopher\.p2\pool\plugins\org.junit.platform.launcher_1.1.0.v20180327-1502.jar;C:\Users\Christopher\.p2\pool\plugins\org.junit.platform.runner_1.1.0.v20180327-1502.jar;C:\Users\Christopher\.p2\pool\plugins\org.junit.platform.suite.api_1.1.0.v20180327-1502.jar;C:\Users\Christopher\.p2\pool\plugins\org.junit.vintage.engine_5.1.0.v20180327-1502.jar;C:\Users\Christopher\.p2\pool\plugins\org.opentest4j_1.0.0.v20180327-1502.jar;C:\Users\Christopher\.p2\pool\plugins\org.apiguardian_1.0.0.v20180327-1502.jar;C:\Users\Christopher\.p2\pool\plugins\org.junit_4.12.0.v201504281640\junit.jar;C:\Users\Christopher\.p2\pool\plugins\org.hamcrest.core_1.3.0.v20180420-1519.jar
Launcher Type: SUN_STANDARD

Logging:
Log output configuration:
#0: stdout all=warning uptime,level,tags
#1: stderr all=off uptime,level,tags

Environment Variables:
JAVA_HOME=C:\Program Files (x86)\Java\jdk1.8.0_172
PATH=C:/Users/Christopher/Desktop/Developer Tools/Java/bin/server;C:/Users/Christopher/Desktop/Developer Tools/Java/bin;C:\Program Files (x86)\Common Files\Oracle\Java\javapath;C:\Program Files\Microsoft MPI\Bin\;C:\WINDOWS\system32;C:\WINDOWS;C:\WINDOWS\System32\Wbem;C:\WINDOWS\System32\WindowsPowerShell\v1.0\;C:\WINDOWS\System32\OpenSSH\;C:\Program Files\Git\cmd;C:\Program Files\dotnet\;C:\Program Files\Microsoft SQL Server\130\Tools\Binn\;C:\Program Files (x86)\NVIDIA Corporation\PhysX\Common;C:\Program Files\NVIDIA Corporation\NVIDIA NvDLISR;C:\Users\Christopher\AppData\Local\Microsoft\WindowsApps;;C:\Program Files\Microsoft VS Code\bin;C:\Users\Christopher\Desktop;
USERNAME=Christopher
OS=Windows_NT
PROCESSOR_IDENTIFIER=AMD64 Family 23 Model 8 Stepping 2, AuthenticAMD



---------------  S Y S T E M  ---------------

OS: Windows 10 , 64 bit Build 17134 (10.0.17134.556)

CPU:total 16 (initial active 16) (16 cores per cpu, 2 threads per core) family 23 model 8 stepping 2, cmov, cx8, fxsr, mmx, sse, sse2, sse3, ssse3, sse4.1, sse4.2, popcnt, avx, avx2, aes, clmul, mmxext, 3dnowpref, lzcnt, sse4a, ht, tsc, tscinvbit, tscinv, bmi1, bmi2, adx, sha, fma

Memory: 4k page, physical 16721392k(8687352k free), swap 19211760k(7818216k free)

vm_info: Java HotSpot(TM) 64-Bit Server VM (10.0.2+13) for windows-amd64 JRE (10.0.2+13), built on Jun 28 2018 01:57:56 by "mach5one" with MS VC++ 12.0 (VS2013)

END.
